0 info it worked if it ends with ok
1 verbose cli [ '/usr/local/bin/node',
1 verbose cli   '/usr/local/bin/npm',
1 verbose cli   'install',
1 verbose cli   'eventlog' ]
2 info using npm@2.14.20
3 info using node@v4.4.1
4 verbose install initial load of /Users/maxprais/Documents/dev/nov/novartis/package.json
5 warn package.json @ No description
6 warn package.json @ No README data
7 warn package.json @ No license field.
8 verbose readDependencies loading dependencies from /Users/maxprais/Documents/dev/nov/novartis/package.json
9 silly cache add args [ 'eventlog', null ]
10 verbose cache add spec eventlog
11 silly cache add parsed spec Result {
11 silly cache add   raw: 'eventlog',
11 silly cache add   scope: null,
11 silly cache add   name: 'eventlog',
11 silly cache add   rawSpec: '',
11 silly cache add   spec: 'latest',
11 silly cache add   type: 'tag' }
12 silly addNamed eventlog@latest
13 verbose addNamed "latest" is being treated as a dist-tag for eventlog
14 info addNameTag [ 'eventlog', 'latest' ]
15 silly mapToRegistry name eventlog
16 silly mapToRegistry using default registry
17 silly mapToRegistry registry https://registry.npmjs.org/
18 silly mapToRegistry uri https://registry.npmjs.org/eventlog
19 verbose addNameTag registry:https://registry.npmjs.org/eventlog not in flight; fetching
20 verbose request uri https://registry.npmjs.org/eventlog
21 verbose request no auth needed
22 info attempt registry request try #1 at 7:14:50 PM
23 verbose request id 7b4c8019161ce89f
24 http request GET https://registry.npmjs.org/eventlog
25 http 404 https://registry.npmjs.org/eventlog
26 verbose headers { 'content-type': 'application/json',
26 verbose headers   'cache-control': 'max-age=0',
26 verbose headers   'content-length': '2',
26 verbose headers   'accept-ranges': 'bytes',
26 verbose headers   date: 'Wed, 30 Mar 2016 16:14:50 GMT',
26 verbose headers   via: '1.1 varnish',
26 verbose headers   age: '0',
26 verbose headers   connection: 'keep-alive',
26 verbose headers   'x-served-by': 'cache-fra1221-FRA',
26 verbose headers   'x-cache': 'MISS',
26 verbose headers   'x-cache-hits': '0',
26 verbose headers   'x-timer': 'S1459354490.747844,VS0,VE113' }
27 silly get cb [ 404,
27 silly get   { 'content-type': 'application/json',
27 silly get     'cache-control': 'max-age=0',
27 silly get     'content-length': '2',
27 silly get     'accept-ranges': 'bytes',
27 silly get     date: 'Wed, 30 Mar 2016 16:14:50 GMT',
27 silly get     via: '1.1 varnish',
27 silly get     age: '0',
27 silly get     connection: 'keep-alive',
27 silly get     'x-served-by': 'cache-fra1221-FRA',
27 silly get     'x-cache': 'MISS',
27 silly get     'x-cache-hits': '0',
27 silly get     'x-timer': 'S1459354490.747844,VS0,VE113' } ]
28 verbose stack Error: Registry returned 404 for GET on https://registry.npmjs.org/eventlog
28 verbose stack     at makeError (/usr/local/lib/node_modules/npm/node_modules/npm-registry-client/lib/request.js:264:12)
28 verbose stack     at CachingRegistryClient.<anonymous> (/usr/local/lib/node_modules/npm/node_modules/npm-registry-client/lib/request.js:242:14)
28 verbose stack     at Request._callback (/usr/local/lib/node_modules/npm/node_modules/npm-registry-client/lib/request.js:172:14)
28 verbose stack     at Request.self.callback (/usr/local/lib/node_modules/npm/node_modules/request/request.js:199:22)
28 verbose stack     at emitTwo (events.js:87:13)
28 verbose stack     at Request.emit (events.js:172:7)
28 verbose stack     at Request.<anonymous> (/usr/local/lib/node_modules/npm/node_modules/request/request.js:1036:10)
28 verbose stack     at emitOne (events.js:82:20)
28 verbose stack     at Request.emit (events.js:169:7)
28 verbose stack     at IncomingMessage.<anonymous> (/usr/local/lib/node_modules/npm/node_modules/request/request.js:963:12)
29 verbose statusCode 404
30 verbose pkgid eventlog
31 verbose cwd /Users/maxprais/Documents/dev/nov/novartis
32 error Darwin 15.3.0
33 error argv "/usr/local/bin/node" "/usr/local/bin/npm" "install" "eventlog"
34 error node v4.4.1
35 error npm  v2.14.20
36 error code E404
37 error 404 Registry returned 404 for GET on https://registry.npmjs.org/eventlog
37 error 404
37 error 404 'eventlog' is not in the npm registry.
37 error 404 You should bug the author to publish it (or use the name yourself!)
37 error 404
37 error 404 Note that you can also install from a
37 error 404 tarball, folder, http url, or git url.
38 verbose exit [ 1, true ]
